<?xml version="1.0" encoding="UTF-8"?>
<!-- Generated by org.testng.reporters.JUnitReportReporter -->
<testsuite hostname="LAPTOP-QRLKBVBD" failures="0" tests="1" name="driverFactory.DriverScript" time="39.258" errors="0" timestamp="2024-08-24T18:58:21 IST" skipped="0">
  <testcase classname="driverFactory.DriverScript" name="startTest" time="39.258"/>
  <system-out>
    <![CDATA[No of rows are::7
Login success::dashboard        http://webapp.qedgetech.com/dashboard.php
Incorrect user ID or password     dashboard        http://webapp.qedgetech.com/login.php
Login success::dashboard        http://webapp.qedgetech.com/dashboard.php
Incorrect user ID or password     dashboard        http://webapp.qedgetech.com/login.php
Login success::dashboard        http://webapp.qedgetech.com/dashboard.php
Login success::dashboard        http://webapp.qedgetech.com/dashboard.php
Incorrect user ID or password     dashboard        http://webapp.qedgetech.com/login.php]]>
  </system-out>
</testsuite> <!-- driverFactory.DriverScript -->
